#
# There is insufficient memory for the Java Runtime Environment to continue.
# Native memory allocation (mmap) failed to map 132120576 bytes for G1 virtual space
# Possible reasons:
#   The system is out of physical RAM or swap space
#   The process is running with CompressedOops enabled, and the Java Heap may be blocking the growth of the native heap
# Possible solutions:
#   Reduce memory load on the system
#   Increase physical memory or swap space
#   Check if swap backing store is full
#   Decrease Java heap size (-Xmx/-Xms)
#   Decrease number of Java threads
#   Decrease Java thread stack sizes (-Xss)
#   Set larger code cache with -XX:ReservedCodeCacheSize=
#   JVM is running with Unscaled Compressed Oops mode in which the Java heap is
#     placed in the first 4GB address space. The Java Heap base address is the
#     maximum limit for the native heap growth. Please use -XX:HeapBaseMinAddress
#     to set the Java Heap base and to place the Java Heap above 4GB virtual address.
# This output file may be truncated or incomplete.
#
#  Out of Memory Error (os_windows.cpp:3771), pid=2112, tid=20900
#
# JRE version:  (17.0.7) (build )
# Java VM: OpenJDK 64-Bit Server VM (17.0.7+0-b2043.56-10550314, mixed mode, sharing, tiered, compressed oops, compressed class ptrs, g1 gc, windows-amd64)
# No core dump will be written. Minidumps are not enabled by default on client versions of Windows
#

---------------  S U M M A R Y ------------

Command Line: org.jetbrains.kotlin.cli.jvm.K2JVMCompiler @D:\Android\github_api\app\build\20240417_3280054601523268791.compiler.options

Host: Intel(R) Core(TM) i5-10300H CPU @ 2.50GHz, 8 cores, 7G,  Windows 11 , 64 bit Build 22000 (10.0.22000.2538)
Time: Wed Apr 17 23:26:57 2024 SE Asia Standard Time elapsed time: 0.023287 seconds (0d 0h 0m 0s)

---------------  T H R E A D  ---------------

Current thread (0x0000023e1b03caa0):  JavaThread "Unknown thread" [_thread_in_vm, id=20900, stack(0x0000004098200000,0x0000004098300000)]

Stack: [0x0000004098200000,0x0000004098300000]
Native frames: (J=compiled Java code, j=interpreted, Vv=VM code, C=native code)
V  [jvm.dll+0x683bfa]
V  [jvm.dll+0x8430a4]
V  [jvm.dll+0x8449be]
V  [jvm.dll+0x845023]
V  [jvm.dll+0x24ad2f]
V  [jvm.dll+0x680ac9]
V  [jvm.dll+0x67519a]
V  [jvm.dll+0x30b3cb]
V  [jvm.dll+0x312876]
V  [jvm.dll+0x36221e]
V  [jvm.dll+0x36244f]
V  [jvm.dll+0x2e14a8]
V  [jvm.dll+0x2e2414]
V  [jvm.dll+0x814391]
V  [jvm.dll+0x36ffe1]
V  [jvm.dll+0x7f396c]
V  [jvm.dll+0x3f305f]
V  [jvm.dll+0x3f4b91]
C  [jli.dll+0x528f]
C  [ucrtbase.dll+0x26c0c]
C  [KERNEL32.DLL+0x153e0]
C  [ntdll.dll+0x485b]


---------------  P R O C E S S  ---------------

Threads class SMR info:
_java_thread_list=0x00007fff34fed098, length=0, elements={
}

Java Threads: ( => current thread )

Other Threads:
  0x0000023e1b099760 GCTaskThread "GC Thread#0" [stack: 0x0000004098300000,0x0000004098400000] [id=36256]
  0x0000023e1b0aa160 ConcurrentGCThread "G1 Main Marker" [stack: 0x0000004098400000,0x0000004098500000] [id=14312]
  0x0000023e1b0abb80 ConcurrentGCThread "G1 Conc#0" [stack: 0x0000004098500000,0x0000004098600000] [id=32628]

[error occurred during error reporting (printing all threads), id 0xc0000005, EXCEPTION_ACCESS_VIOLATION (0xc0000005) at pc=0x00007fff347a2087]

VM state: not at safepoint (not fully initialized)

VM Mutex/Monitor currently owned by a thread:  ([mutex/lock_event])
[0x0000023e1b038290] Heap_lock - owner thread: 0x0000023e1b03caa0

Heap address: 0x0000000082a00000, size: 2006 MB, Compressed Oops mode: 32-bit

CDS archive(s) mapped at: [0x0000000000000000-0x0000000000000000-0x0000000000000000), size 0, SharedBaseAddress: 0x0000000800000000, ArchiveRelocationMode: 0.
Narrow klass base: 0x0000000000000000, Narrow klass shift: 0, Narrow klass range: 0x0

GC Precious Log:
<Empty>

Heap:
 garbage-first heap   total 0K, used 0K [0x0000000082a00000, 0x0000000100000000)
  region size 1024K, 0 young (0K), 0 survivors (0K)
 Metaspace       used 0K, committed 0K, reserved 0K
  class space    used 0K, committed 0K, reserved 0K

Heap Regions: E=young(eden), S=young(survivor), O=old, HS=humongous(starts), HC=humongous(continues), CS=collection set, F=free, OA=open archive, CA=closed archive, TAMS=top-at-mark-start (previous, next)

Card table byte_map: [0x0000023e2fb60000,0x0000023e2ff50000] _byte_map_base: 0x0000023e2f74b000

Marking Bits (Prev, Next): (CMBitMap*) 0x0000023e1b099d70, (CMBitMap*) 0x0000023e1b099db0
 Prev Bits: [0x0000023e30340000, 0x0000023e32298000)
 Next Bits: [0x0000023e322a0000, 0x0000023e341f8000)

GC Heap History (0 events):
No events

Dll operation events (1 events):
Event: 0.018 Loaded shared library C:\Program Files\Android\Android Studio\jbr\bin\java.dll

Deoptimization events (0 events):
No events

Classes unloaded (0 events):
No events

Classes redefined (0 events):
No events

Internal exceptions (0 events):
No events

VM Operations (0 events):
No events

Events (0 events):
No events


Dynamic libraries:
0x00007ff6f2a30000 - 0x00007ff6f2a3a000 	C:\Program Files\Android\Android Studio\jbr\bin\java.exe
0x00007ff839c00000 - 0x00007ff839e09000 	C:\WINDOWS\SYSTEM32\ntdll.dll
0x00007ff838960000 - 0x00007ff838a1d000 	C:\WINDOWS\System32\KERNEL32.DLL
0x00007ff837570000 - 0x00007ff8378f4000 	C:\WINDOWS\System32\KERNELBASE.dll
0x00007ff8372e0000 - 0x00007ff8373f1000 	C:\WINDOWS\System32\ucrtbase.dll
0x00007ff8104f0000 - 0x00007ff810507000 	C:\Program Files\Android\Android Studio\jbr\bin\jli.dll
0x00007ff80d570000 - 0x00007ff80d58b000 	C:\Program Files\Android\Android Studio\jbr\bin\VCRUNTIME140.dll
0x00007ff839020000 - 0x00007ff8391cd000 	C:\WINDOWS\System32\USER32.dll
0x00007ff8379a0000 - 0x00007ff8379c6000 	C:\WINDOWS\System32\win32u.dll
0x00007ff838800000 - 0x00007ff83882a000 	C:\WINDOWS\System32\GDI32.dll
0x00007ff837090000 - 0x00007ff8371ae000 	C:\WINDOWS\System32\gdi32full.dll
0x00007ff837900000 - 0x00007ff83799d000 	C:\WINDOWS\System32\msvcp_win.dll
0x00007ff814940000 - 0x00007ff814be5000 	C:\WINDOWS\WinSxS\amd64_microsoft.windows.common-controls_6595b64144ccf1df_6.0.22000.120_none_9d947278b86cc467\COMCTL32.dll
0x00007ff8391d0000 - 0x00007ff839273000 	C:\WINDOWS\System32\msvcrt.dll
0x00007ff838cb0000 - 0x00007ff838ce1000 	C:\WINDOWS\System32\IMM32.DLL
0x00007ff8165d0000 - 0x00007ff8165dc000 	C:\Program Files\Android\Android Studio\jbr\bin\vcruntime140_1.dll
0x00007fffe4190000 - 0x00007fffe421d000 	C:\Program Files\Android\Android Studio\jbr\bin\msvcp140.dll
0x00007fff344b0000 - 0x00007fff35130000 	C:\Program Files\Android\Android Studio\jbr\bin\server\jvm.dll
0x00007ff839b10000 - 0x00007ff839bbe000 	C:\WINDOWS\System32\ADVAPI32.dll
0x00007ff838830000 - 0x00007ff8388ce000 	C:\WINDOWS\System32\sechost.dll
0x00007ff838cf0000 - 0x00007ff838e11000 	C:\WINDOWS\System32\RPCRT4.dll
0x00007ff8034b0000 - 0x00007ff8034b9000 	C:\WINDOWS\SYSTEM32\WSOCK32.dll
0x00007ff830d40000 - 0x00007ff830d73000 	C:\WINDOWS\SYSTEM32\WINMM.dll
0x00007ff838e20000 - 0x00007ff838e8f000 	C:\WINDOWS\System32\WS2_32.dll
0x00007ff830a70000 - 0x00007ff830a7a000 	C:\WINDOWS\SYSTEM32\VERSION.dll
0x00007ff836180000 - 0x00007ff836198000 	C:\WINDOWS\SYSTEM32\kernel.appcore.dll
0x00007ff8326f0000 - 0x00007ff8326fa000 	C:\Program Files\Android\Android Studio\jbr\bin\jimage.dll
0x00007ff834cd0000 - 0x00007ff834ef1000 	C:\WINDOWS\SYSTEM32\DBGHELP.DLL
0x00007ff82e7e0000 - 0x00007ff82e811000 	C:\WINDOWS\SYSTEM32\dbgcore.DLL
0x00007ff8379d0000 - 0x00007ff837a4f000 	C:\WINDOWS\System32\bcryptPrimitives.dll
0x00007ff8163b0000 - 0x00007ff8163d5000 	C:\Program Files\Android\Android Studio\jbr\bin\java.dll

dbghelp: loaded successfully - version: 4.0.5 - missing functions: none
symbol engine: initialized successfully - sym options: 0x614 - pdb path: .;C:\Program Files\Android\Android Studio\jbr\bin;C:\WINDOWS\SYSTEM32;C:\WINDOWS\WinSxS\amd64_microsoft.windows.common-controls_6595b64144ccf1df_6.0.22000.120_none_9d947278b86cc467;C:\Program Files\Android\Android Studio\jbr\bin\server

VM Arguments:
java_command: org.jetbrains.kotlin.cli.jvm.K2JVMCompiler @D:\Android\github_api\app\build\20240417_3280054601523268791.compiler.options
java_class_path (initial): C:\Users\RPL SMK RUS\.gradle\caches\modules-2\files-2.1\org.jetbrains.kotlin\kotlin-compiler-embeddable\1.9.22\9cd4dc7773cf2a99ecd961a88fbbc9a2da3fb5e1\kotlin-compiler-embeddable-1.9.22.jar;C:\Users\RPL SMK RUS\.gradle\caches\modules-2\files-2.1\org.jetbrains.kotlin\kotlin-stdlib\1.9.22\d6c44cd08d8f3f9bece8101216dbe6553365c6e3\kotlin-stdlib-1.9.22.jar;C:\Users\RPL SMK RUS\.gradle\caches\modules-2\files-2.1\org.jetbrains.kotlin\kotlin-script-runtime\1.9.22\f8139a46fc677ec9badc49ae954392f4f5e7e7c7\kotlin-script-runtime-1.9.22.jar;C:\Users\RPL SMK RUS\.gradle\caches\modules-2\files-2.1\org.jetbrains.kotlin\kotlin-reflect\1.6.10\1cbe9c92c12a94eea200d23c2bbaedaf3daf5132\kotlin-reflect-1.6.10.jar;C:\Users\RPL SMK RUS\.gradle\caches\modules-2\files-2.1\org.jetbrains.kotlin\kotlin-daemon-embeddable\1.9.22\20e2c5df715f3240c765cfc222530e2796542021\kotlin-daemon-embeddable-1.9.22.jar;C:\Users\RPL SMK RUS\.gradle\caches\modules-2\files-2.1\org.jetbrains.intellij.deps\trove4j\1.0.20200330\3afb14d5f9ceb459d724e907a21145e8ff394f02\trove4j-1.0.20200330.jar;C:\Users\RPL SMK RUS\.gradle\caches\modules-2\files-2.1\org.jetbrains\annotations\13.0\919f0dfe192fb4e063e7dacadee7f8bb9a2672a9\annotations-13.0.jar
Launcher Type: SUN_STANDARD

[Global flags]
     intx CICompilerCount                          = 4                                         {product} {ergonomic}
     uint ConcGCThreads                            = 2                                         {product} {ergonomic}
     uint G1ConcRefinementThreads                  = 8                                         {product} {ergonomic}
   size_t G1HeapRegionSize                         = 1048576                                   {product} {ergonomic}
    uintx GCDrainStackTargetSize                   = 64                                        {product} {ergonomic}
   size_t InitialHeapSize                          = 132120576                                 {product} {ergonomic}
   size_t MarkStackSize                            = 4194304                                   {product} {ergonomic}
   size_t MaxHeapSize                              = 2103443456                                {product} {ergonomic}
   size_t MinHeapDeltaBytes                        = 1048576                                   {product} {ergonomic}
   size_t MinHeapSize                              = 8388608                                   {product} {ergonomic}
    uintx NonNMethodCodeHeapSize                   = 5839372                                {pd product} {ergonomic}
    uintx NonProfiledCodeHeapSize                  = 122909434                              {pd product} {ergonomic}
    uintx ProfiledCodeHeapSize                     = 122909434                              {pd product} {ergonomic}
    uintx ReservedCodeCacheSize                    = 251658240                              {pd product} {ergonomic}
     bool SegmentedCodeCache                       = true                                      {product} {ergonomic}
   size_t SoftMaxHeapSize                          = 2103443456                             {manageable} {ergonomic}
     bool UseCompressedClassPointers               = true                           {product lp64_product} {ergonomic}
     bool UseCompressedOops                        = true                           {product lp64_product} {ergonomic}
     bool UseG1GC                                  = true                                      {product} {ergonomic}
     bool UseLargePagesIndividualAllocation        = false                                  {pd product} {ergonomic}

Logging:
Log output configuration:
 #0: stdout all=warning uptime,level,tags
 #1: stderr all=off uptime,level,tags

Environment Variables:
PATH=C:\Windows\system32;C:\Windows;C:\Windows\System32\Wbem;C:\Windows\System32\WindowsPowerShell\v1.0\;C:\Windows\System32\OpenSSH\;C:\Program Files (x86)\NVIDIA Corporation\PhysX\Common;C:\Program Files\NVIDIA Corporation\NVIDIA NvDLISR;C:\Program Files\Git\cmd;D:\xampp\php;C:\ProgramData\ComposerSetup\bin;C:\Program Files\nodejs\;;C:\WINDOWS\system32;C:\WINDOWS;C:\WINDOWS\System32\Wbem;C:\WINDOWS\System32\WindowsPowerShell\v1.0\;C:\WINDOWS\System32\OpenSSH\;C:\Program Files\Microsoft SQL Server\Client SDK\ODBC\170\Tools\Binn\;C:\Program Files (x86)\Microsoft SQL Server\150\Tools\Binn\;C:\Program Files\Microsoft SQL Server\150\Tools\Binn\;C:\Program Files\Microsoft SQL Server\150\DTS\Binn\;C:\Program Files\dotnet\;C:\Program Files\Microsoft SQL Server\130\Tools\Binn\;C:\Program Files (x86)\Microsoft SQL Server\150\DTS\Binn\;C:\Program Files (x86)\Microsoft SQL Server\160\DTS\Binn\;C:\Users\RPL SMK RUS\AppData\Local\Microsoft\WindowsApps;C:\Users\RPL SMK RUS\AppData\Local\Programs\Microsoft VS Code\bin;C:\Users\RPL SMK RUS\AppData\Roaming\Composer\vendor\bin;C:\Users\RPL SMK RUS\AppData\Roaming\npm;C:\Users\RPL SMK RUS\.dotnet\tools;C:\Program Files\Azure Data Studio\bin;C:\Users\RPL SMK RUS\AppData\Local\GitHubDesktop\bin
USERNAME=RPL SMK RUS
OS=Windows_NT
PROCESSOR_IDENTIFIER=Intel64 Family 6 Model 165 Stepping 2, GenuineIntel
TMP=C:\Users\RPLSMK~1\AppData\Local\Temp
TEMP=C:\Users\RPLSMK~1\AppData\Local\Temp


JNI global refs:
JNI global refs: 0, weak refs: 0

JNI global refs memory usage: 0, weak refs: 0

OOME stack traces (most recent first):
Classloader memory used:


---------------  S Y S T E M  ---------------

OS:
 Windows 11 , 64 bit Build 22000 (10.0.22000.2538)
OS uptime: 5 days 8:30 hours

CPU: total 8 (initial active 8) (4 cores per cpu, 2 threads per core) family 6 model 165 stepping 2 microcode 0xe0, cx8, cmov, fxsr, ht, mmx, 3dnowpref, sse, sse2, sse3, ssse3, sse4.1, sse4.2, popcnt, lzcnt, tsc, tscinvbit, avx, avx2, aes, erms, clmul, bmi1, bmi2, adx, fma, vzeroupper, clflush, clflushopt

Memory: 4k page, system-wide physical 8023M (238M free)
TotalPageFile size 25579M (AvailPageFile size 110M)
current process WorkingSet (physical memory assigned to process): 10M, peak: 10M
current process commit charge ("private bytes"): 60M, peak: 186M

vm_info: OpenJDK 64-Bit Server VM (17.0.7+0-b2043.56-10550314) for windows-amd64 JRE (17.0.7+0-b2043.56-10550314), built on Jul 24 2023 18:27:45 by "androidbuild" with MS VC++ 16.10 / 16.11 (VS2019)

END.
